{"C:\\Demo\\PR-Butler-Challenge\\scaffold\\website\\src\\i18n.ts": {"path":"C:\\Demo\\PR-Butler-Challenge\\scaffold\\website\\src\\i18n.ts","all":false,"statementMap":{"0":{"start":{"line":1,"column":0},"end":{"line":1,"column":38}},"1":{"start":{"line":2,"column":0},"end":{"line":2,"column":51}},"2":{"start":{"line":3,"column":0},"end":{"line":3,"column":51}},"3":{"start":{"line":4,"column":0},"end":{"line":4,"column":0}},"4":{"start":{"line":5,"column":0},"end":{"line":5,"column":26}},"5":{"start":{"line":6,"column":0},"end":{"line":6,"column":36}},"6":{"start":{"line":7,"column":0},"end":{"line":7,"column":21}},"7":{"start":{"line":8,"column":0},"end":{"line":8,"column":20}},"8":{"start":{"line":9,"column":0},"end":{"line":9,"column":1}},"9":{"start":{"line":10,"column":0},"end":{"line":10,"column":0}},"10":{"start":{"line":11,"column":0},"end":{"line":11,"column":42}},"11":{"start":{"line":12,"column":0},"end":{"line":12,"column":41}},"12":{"start":{"line":13,"column":0},"end":{"line":13,"column":26}},"13":{"start":{"line":14,"column":0},"end":{"line":14,"column":1}},"14":{"start":{"line":15,"column":0},"end":{"line":15,"column":0}},"15":{"start":{"line":16,"column":0},"end":{"line":16,"column":43}},"16":{"start":{"line":17,"column":0},"end":{"line":17,"column":24}},"17":{"start":{"line":18,"column":0},"end":{"line":18,"column":1}},"18":{"start":{"line":19,"column":0},"end":{"line":19,"column":0}},"19":{"start":{"line":20,"column":0},"end":{"line":20,"column":40}},"20":{"start":{"line":21,"column":0},"end":{"line":21,"column":52}},"21":{"start":{"line":22,"column":0},"end":{"line":22,"column":1}},"22":{"start":{"line":23,"column":0},"end":{"line":23,"column":0}},"23":{"start":{"line":24,"column":0},"end":{"line":24,"column":38}},"24":{"start":{"line":25,"column":0},"end":{"line":25,"column":24}},"25":{"start":{"line":26,"column":0},"end":{"line":26,"column":1}}},"s":{"0":1,"1":1,"2":1,"3":1,"4":1,"5":1,"6":1,"7":1,"8":1,"9":1,"10":2,"11":2,"12":2,"13":2,"14":1,"15":1,"16":5,"17":5,"18":1,"19":1,"20":92,"21":92,"22":1,"23":1,"24":2,"25":2},"branchMap":{"0":{"type":"branch","line":11,"loc":{"start":{"line":11,"column":0},"end":{"line":14,"column":1}},"locations":[{"start":{"line":11,"column":0},"end":{"line":14,"column":1}}]},"1":{"type":"branch","line":16,"loc":{"start":{"line":16,"column":7},"end":{"line":18,"column":1}},"locations":[{"start":{"line":16,"column":7},"end":{"line":18,"column":1}}]},"2":{"type":"branch","line":20,"loc":{"start":{"line":20,"column":7},"end":{"line":22,"column":1}},"locations":[{"start":{"line":20,"column":7},"end":{"line":22,"column":1}}]},"3":{"type":"branch","line":21,"loc":{"start":{"line":21,"column":44},"end":{"line":21,"column":52}},"locations":[{"start":{"line":21,"column":44},"end":{"line":21,"column":52}}]},"4":{"type":"branch","line":24,"loc":{"start":{"line":24,"column":7},"end":{"line":26,"column":1}},"locations":[{"start":{"line":24,"column":7},"end":{"line":26,"column":1}}]}},"b":{"0":[2],"1":[5],"2":[92],"3":[1],"4":[2]},"fnMap":{"0":{"name":"loadTranslations","decl":{"start":{"line":11,"column":0},"end":{"line":14,"column":1}},"loc":{"start":{"line":11,"column":0},"end":{"line":14,"column":1}},"line":11},"1":{"name":"setLanguage","decl":{"start":{"line":16,"column":7},"end":{"line":18,"column":1}},"loc":{"start":{"line":16,"column":7},"end":{"line":18,"column":1}},"line":16},"2":{"name":"t","decl":{"start":{"line":20,"column":7},"end":{"line":22,"column":1}},"loc":{"start":{"line":20,"column":7},"end":{"line":22,"column":1}},"line":20},"3":{"name":"getCurrentLanguage","decl":{"start":{"line":24,"column":7},"end":{"line":26,"column":1}},"loc":{"start":{"line":24,"column":7},"end":{"line":26,"column":1}},"line":24}},"f":{"0":2,"1":5,"2":92,"3":2}}
,"C:\\Demo\\PR-Butler-Challenge\\scaffold\\website\\src\\main.ts": {"path":"C:\\Demo\\PR-Butler-Challenge\\scaffold\\website\\src\\main.ts","all":false,"statementMap":{"0":{"start":{"line":1,"column":0},"end":{"line":1,"column":43}},"1":{"start":{"line":2,"column":0},"end":{"line":2,"column":57}},"2":{"start":{"line":3,"column":0},"end":{"line":3,"column":36}},"3":{"start":{"line":4,"column":0},"end":{"line":4,"column":21}},"4":{"start":{"line":5,"column":0},"end":{"line":5,"column":0}},"5":{"start":{"line":6,"column":0},"end":{"line":6,"column":28}},"6":{"start":{"line":7,"column":0},"end":{"line":7,"column":0}},"7":{"start":{"line":8,"column":0},"end":{"line":8,"column":3}},"8":{"start":{"line":9,"column":0},"end":{"line":9,"column":86}},"9":{"start":{"line":10,"column":0},"end":{"line":10,"column":95}},"10":{"start":{"line":11,"column":0},"end":{"line":11,"column":68}},"11":{"start":{"line":12,"column":0},"end":{"line":12,"column":3}},"12":{"start":{"line":13,"column":0},"end":{"line":13,"column":23}},"13":{"start":{"line":14,"column":0},"end":{"line":14,"column":26}},"14":{"start":{"line":15,"column":0},"end":{"line":15,"column":33}},"15":{"start":{"line":16,"column":0},"end":{"line":16,"column":23}},"16":{"start":{"line":17,"column":0},"end":{"line":17,"column":21}},"17":{"start":{"line":18,"column":0},"end":{"line":18,"column":1}},"18":{"start":{"line":19,"column":0},"end":{"line":19,"column":0}},"19":{"start":{"line":20,"column":0},"end":{"line":20,"column":3}},"20":{"start":{"line":21,"column":0},"end":{"line":21,"column":85}},"21":{"start":{"line":22,"column":0},"end":{"line":22,"column":30}},"22":{"start":{"line":23,"column":0},"end":{"line":23,"column":3}},"23":{"start":{"line":24,"column":0},"end":{"line":24,"column":32}},"24":{"start":{"line":25,"column":0},"end":{"line":25,"column":70}},"25":{"start":{"line":26,"column":0},"end":{"line":26,"column":54}},"26":{"start":{"line":27,"column":0},"end":{"line":27,"column":54}},"27":{"start":{"line":28,"column":0},"end":{"line":28,"column":2}},"28":{"start":{"line":29,"column":0},"end":{"line":29,"column":48}},"29":{"start":{"line":30,"column":0},"end":{"line":30,"column":66}},"30":{"start":{"line":31,"column":0},"end":{"line":31,"column":66}},"31":{"start":{"line":32,"column":0},"end":{"line":32,"column":2}},"32":{"start":{"line":33,"column":0},"end":{"line":33,"column":61}},"33":{"start":{"line":34,"column":0},"end":{"line":34,"column":29}},"34":{"start":{"line":35,"column":0},"end":{"line":35,"column":42}},"35":{"start":{"line":36,"column":0},"end":{"line":36,"column":44}},"36":{"start":{"line":37,"column":0},"end":{"line":37,"column":42}},"37":{"start":{"line":38,"column":0},"end":{"line":38,"column":19}},"38":{"start":{"line":39,"column":0},"end":{"line":39,"column":91}},"39":{"start":{"line":40,"column":0},"end":{"line":40,"column":38}},"40":{"start":{"line":41,"column":0},"end":{"line":41,"column":51}},"41":{"start":{"line":42,"column":0},"end":{"line":42,"column":7}},"42":{"start":{"line":43,"column":0},"end":{"line":43,"column":6}},"43":{"start":{"line":44,"column":0},"end":{"line":44,"column":4}},"44":{"start":{"line":45,"column":0},"end":{"line":45,"column":1}},"45":{"start":{"line":46,"column":0},"end":{"line":46,"column":0}},"46":{"start":{"line":47,"column":0},"end":{"line":47,"column":3}},"47":{"start":{"line":48,"column":0},"end":{"line":48,"column":83}},"48":{"start":{"line":49,"column":0},"end":{"line":49,"column":30}},"49":{"start":{"line":50,"column":0},"end":{"line":50,"column":40}},"50":{"start":{"line":51,"column":0},"end":{"line":51,"column":3}},"51":{"start":{"line":52,"column":0},"end":{"line":52,"column":33}},"52":{"start":{"line":53,"column":0},"end":{"line":53,"column":20}},"53":{"start":{"line":54,"column":0},"end":{"line":54,"column":73}},"54":{"start":{"line":55,"column":0},"end":{"line":55,"column":80}},"55":{"start":{"line":56,"column":0},"end":{"line":56,"column":27}},"56":{"start":{"line":57,"column":0},"end":{"line":57,"column":79}},"57":{"start":{"line":58,"column":0},"end":{"line":58,"column":20}},"58":{"start":{"line":59,"column":0},"end":{"line":59,"column":3}},"59":{"start":{"line":60,"column":0},"end":{"line":60,"column":1}},"60":{"start":{"line":61,"column":0},"end":{"line":61,"column":0}},"61":{"start":{"line":62,"column":0},"end":{"line":62,"column":3}},"62":{"start":{"line":63,"column":0},"end":{"line":63,"column":114}},"63":{"start":{"line":64,"column":0},"end":{"line":64,"column":68}},"64":{"start":{"line":65,"column":0},"end":{"line":65,"column":3}},"65":{"start":{"line":66,"column":0},"end":{"line":66,"column":39}},"66":{"start":{"line":67,"column":0},"end":{"line":67,"column":19}},"67":{"start":{"line":68,"column":0},"end":{"line":68,"column":2}},"68":{"start":{"line":69,"column":0},"end":{"line":69,"column":73}},"69":{"start":{"line":70,"column":0},"end":{"line":70,"column":34}},"70":{"start":{"line":71,"column":0},"end":{"line":71,"column":4}},"71":{"start":{"line":72,"column":0},"end":{"line":72,"column":2}},"72":{"start":{"line":73,"column":0},"end":{"line":73,"column":59}},"73":{"start":{"line":74,"column":0},"end":{"line":74,"column":36}},"74":{"start":{"line":75,"column":0},"end":{"line":75,"column":2}},"75":{"start":{"line":76,"column":0},"end":{"line":76,"column":21}},"76":{"start":{"line":77,"column":0},"end":{"line":77,"column":1}},"77":{"start":{"line":78,"column":0},"end":{"line":78,"column":0}},"78":{"start":{"line":79,"column":0},"end":{"line":79,"column":3}},"79":{"start":{"line":80,"column":0},"end":{"line":80,"column":86}},"80":{"start":{"line":81,"column":0},"end":{"line":81,"column":3}},"81":{"start":{"line":82,"column":0},"end":{"line":82,"column":30}},"82":{"start":{"line":83,"column":0},"end":{"line":83,"column":24}},"83":{"start":{"line":84,"column":0},"end":{"line":84,"column":48}},"84":{"start":{"line":85,"column":0},"end":{"line":85,"column":41}},"85":{"start":{"line":86,"column":0},"end":{"line":86,"column":0}},"86":{"start":{"line":87,"column":0},"end":{"line":87,"column":35}},"87":{"start":{"line":88,"column":0},"end":{"line":88,"column":58}},"88":{"start":{"line":89,"column":0},"end":{"line":89,"column":54}},"89":{"start":{"line":90,"column":0},"end":{"line":90,"column":0}},"90":{"start":{"line":91,"column":0},"end":{"line":91,"column":34}},"91":{"start":{"line":92,"column":0},"end":{"line":92,"column":77}},"92":{"start":{"line":93,"column":0},"end":{"line":93,"column":62}},"93":{"start":{"line":94,"column":0},"end":{"line":94,"column":0}},"94":{"start":{"line":95,"column":0},"end":{"line":95,"column":35}},"95":{"start":{"line":96,"column":0},"end":{"line":96,"column":82}},"96":{"start":{"line":97,"column":0},"end":{"line":97,"column":58}},"97":{"start":{"line":98,"column":0},"end":{"line":98,"column":88}},"98":{"start":{"line":99,"column":0},"end":{"line":99,"column":67}},"99":{"start":{"line":100,"column":0},"end":{"line":100,"column":84}},"100":{"start":{"line":101,"column":0},"end":{"line":101,"column":61}},"101":{"start":{"line":102,"column":0},"end":{"line":102,"column":0}},"102":{"start":{"line":103,"column":0},"end":{"line":103,"column":27}},"103":{"start":{"line":104,"column":0},"end":{"line":104,"column":75}},"104":{"start":{"line":105,"column":0},"end":{"line":105,"column":50}},"105":{"start":{"line":106,"column":0},"end":{"line":106,"column":0}},"106":{"start":{"line":107,"column":0},"end":{"line":107,"column":26}},"107":{"start":{"line":108,"column":0},"end":{"line":108,"column":73}},"108":{"start":{"line":109,"column":0},"end":{"line":109,"column":50}},"109":{"start":{"line":110,"column":0},"end":{"line":110,"column":79}},"110":{"start":{"line":111,"column":0},"end":{"line":111,"column":59}},"111":{"start":{"line":112,"column":0},"end":{"line":112,"column":85}},"112":{"start":{"line":113,"column":0},"end":{"line":113,"column":68}},"113":{"start":{"line":114,"column":0},"end":{"line":114,"column":0}},"114":{"start":{"line":115,"column":0},"end":{"line":115,"column":24}},"115":{"start":{"line":116,"column":0},"end":{"line":116,"column":54}},"116":{"start":{"line":117,"column":0},"end":{"line":117,"column":27}},"117":{"start":{"line":118,"column":0},"end":{"line":118,"column":80}},"118":{"start":{"line":119,"column":0},"end":{"line":119,"column":88}},"119":{"start":{"line":120,"column":0},"end":{"line":120,"column":3}},"120":{"start":{"line":121,"column":0},"end":{"line":121,"column":0}},"121":{"start":{"line":122,"column":0},"end":{"line":122,"column":23}},"122":{"start":{"line":123,"column":0},"end":{"line":123,"column":52}},"123":{"start":{"line":124,"column":0},"end":{"line":124,"column":16}},"124":{"start":{"line":125,"column":0},"end":{"line":125,"column":54}},"125":{"start":{"line":126,"column":0},"end":{"line":126,"column":3}},"126":{"start":{"line":127,"column":0},"end":{"line":127,"column":0}},"127":{"start":{"line":128,"column":0},"end":{"line":128,"column":111}},"128":{"start":{"line":129,"column":0},"end":{"line":129,"column":20}},"129":{"start":{"line":130,"column":0},"end":{"line":130,"column":24}},"130":{"start":{"line":131,"column":0},"end":{"line":131,"column":3}},"131":{"start":{"line":132,"column":0},"end":{"line":132,"column":1}},"132":{"start":{"line":133,"column":0},"end":{"line":133,"column":0}},"133":{"start":{"line":134,"column":0},"end":{"line":134,"column":27}}},"s":{"0":1,"1":1,"2":1,"3":1,"4":1,"5":1,"6":1,"7":1,"8":1,"9":1,"10":1,"11":1,"12":1,"13":1,"14":1,"15":1,"16":1,"17":1,"18":1,"19":1,"20":1,"21":1,"22":1,"23":1,"24":1,"25":1,"26":1,"27":1,"28":1,"29":1,"30":1,"31":1,"32":1,"33":1,"34":3,"35":1,"36":1,"37":1,"38":1,"39":1,"40":1,"41":1,"42":3,"43":1,"44":1,"45":1,"46":1,"47":1,"48":1,"49":1,"50":1,"51":1,"52":1,"53":1,"54":1,"55":1,"56":1,"57":1,"58":1,"59":1,"60":1,"61":1,"62":1,"63":1,"64":1,"65":2,"66":2,"67":2,"68":2,"69":4,"70":2,"71":2,"72":2,"73":2,"74":2,"75":2,"76":2,"77":1,"78":1,"79":1,"80":1,"81":3,"82":3,"83":3,"84":3,"85":3,"86":3,"87":3,"88":3,"89":3,"90":3,"91":3,"92":3,"93":3,"94":3,"95":3,"96":3,"97":3,"98":3,"99":3,"100":3,"101":3,"102":3,"103":3,"104":3,"105":3,"106":3,"107":3,"108":3,"109":3,"110":3,"111":3,"112":3,"113":3,"114":3,"115":3,"116":3,"117":3,"118":3,"119":3,"120":3,"121":3,"122":3,"123":3,"124":3,"125":3,"126":3,"127":3,"128":3,"129":3,"130":3,"131":3,"132":1,"133":1},"branchMap":{"0":{"type":"branch","line":13,"loc":{"start":{"line":13,"column":0},"end":{"line":18,"column":1}},"locations":[{"start":{"line":13,"column":0},"end":{"line":18,"column":1}}]},"1":{"type":"branch","line":24,"loc":{"start":{"line":24,"column":0},"end":{"line":45,"column":1}},"locations":[{"start":{"line":24,"column":0},"end":{"line":45,"column":1}}]},"2":{"type":"branch","line":30,"loc":{"start":{"line":30,"column":39},"end":{"line":30,"column":65}},"locations":[{"start":{"line":30,"column":39},"end":{"line":30,"column":65}}]},"3":{"type":"branch","line":31,"loc":{"start":{"line":31,"column":39},"end":{"line":31,"column":65}},"locations":[{"start":{"line":31,"column":39},"end":{"line":31,"column":65}}]},"4":{"type":"branch","line":34,"loc":{"start":{"line":34,"column":21},"end":{"line":44,"column":3}},"locations":[{"start":{"line":34,"column":21},"end":{"line":44,"column":3}}]},"5":{"type":"branch","line":35,"loc":{"start":{"line":35,"column":34},"end":{"line":43,"column":5}},"locations":[{"start":{"line":35,"column":34},"end":{"line":43,"column":5}}]},"6":{"type":"branch","line":39,"loc":{"start":{"line":39,"column":57},"end":{"line":39,"column":90}},"locations":[{"start":{"line":39,"column":57},"end":{"line":39,"column":90}}]},"7":{"type":"branch","line":52,"loc":{"start":{"line":52,"column":0},"end":{"line":60,"column":1}},"locations":[{"start":{"line":52,"column":0},"end":{"line":60,"column":1}}]},"8":{"type":"branch","line":66,"loc":{"start":{"line":66,"column":0},"end":{"line":77,"column":1}},"locations":[{"start":{"line":66,"column":0},"end":{"line":77,"column":1}}]},"9":{"type":"branch","line":69,"loc":{"start":{"line":69,"column":65},"end":{"line":71,"column":3}},"locations":[{"start":{"line":69,"column":65},"end":{"line":71,"column":3}}]},"10":{"type":"branch","line":82,"loc":{"start":{"line":82,"column":0},"end":{"line":132,"column":1}},"locations":[{"start":{"line":82,"column":0},"end":{"line":132,"column":1}}]}},"b":{"0":[1],"1":[1],"2":[1],"3":[1],"4":[3],"5":[1],"6":[3],"7":[1],"8":[2],"9":[4],"10":[3]},"fnMap":{"0":{"name":"init","decl":{"start":{"line":13,"column":0},"end":{"line":18,"column":1}},"loc":{"start":{"line":13,"column":0},"end":{"line":18,"column":1}},"line":13},"1":{"name":"setupEventListeners","decl":{"start":{"line":24,"column":0},"end":{"line":45,"column":1}},"loc":{"start":{"line":24,"column":0},"end":{"line":45,"column":1}},"line":24},"2":{"name":"handleSubmit","decl":{"start":{"line":52,"column":0},"end":{"line":60,"column":1}},"loc":{"start":{"line":52,"column":0},"end":{"line":60,"column":1}},"line":52},"3":{"name":"switchLanguage","decl":{"start":{"line":66,"column":0},"end":{"line":77,"column":1}},"loc":{"start":{"line":66,"column":0},"end":{"line":77,"column":1}},"line":66},"4":{"name":"applyTranslations","decl":{"start":{"line":82,"column":0},"end":{"line":132,"column":1}},"loc":{"start":{"line":82,"column":0},"end":{"line":132,"column":1}},"line":82}},"f":{"0":1,"1":1,"2":1,"3":2,"4":3}}
,"C:\\Demo\\PR-Butler-Challenge\\scaffold\\website\\src\\taskManager.ts": {"path":"C:\\Demo\\PR-Butler-Challenge\\scaffold\\website\\src\\taskManager.ts","all":false,"statementMap":{"0":{"start":{"line":1,"column":0},"end":{"line":1,"column":42}},"1":{"start":{"line":2,"column":0},"end":{"line":2,"column":26}},"2":{"start":{"line":3,"column":0},"end":{"line":3,"column":0}},"3":{"start":{"line":4,"column":0},"end":{"line":4,"column":26}},"4":{"start":{"line":5,"column":0},"end":{"line":5,"column":28}},"5":{"start":{"line":6,"column":0},"end":{"line":6,"column":36}},"6":{"start":{"line":7,"column":0},"end":{"line":7,"column":20}},"7":{"start":{"line":8,"column":0},"end":{"line":8,"column":0}},"8":{"start":{"line":9,"column":0},"end":{"line":9,"column":17}},"9":{"start":{"line":10,"column":0},"end":{"line":10,"column":26}},"10":{"start":{"line":11,"column":0},"end":{"line":11,"column":3}},"11":{"start":{"line":12,"column":0},"end":{"line":12,"column":0}},"12":{"start":{"line":13,"column":0},"end":{"line":13,"column":5}},"13":{"start":{"line":14,"column":0},"end":{"line":14,"column":64}},"14":{"start":{"line":15,"column":0},"end":{"line":15,"column":47}},"15":{"start":{"line":16,"column":0},"end":{"line":16,"column":71}},"16":{"start":{"line":17,"column":0},"end":{"line":17,"column":5}},"17":{"start":{"line":18,"column":0},"end":{"line":18,"column":62}},"18":{"start":{"line":19,"column":0},"end":{"line":19,"column":24}},"19":{"start":{"line":20,"column":0},"end":{"line":20,"column":24}},"20":{"start":{"line":21,"column":0},"end":{"line":21,"column":11}},"21":{"start":{"line":22,"column":0},"end":{"line":22,"column":15}},"22":{"start":{"line":23,"column":0},"end":{"line":23,"column":23}},"23":{"start":{"line":24,"column":0},"end":{"line":24,"column":27}},"24":{"start":{"line":25,"column":0},"end":{"line":25,"column":5}},"25":{"start":{"line":26,"column":0},"end":{"line":26,"column":25}},"26":{"start":{"line":27,"column":0},"end":{"line":27,"column":24}},"27":{"start":{"line":28,"column":0},"end":{"line":28,"column":17}},"28":{"start":{"line":29,"column":0},"end":{"line":29,"column":3}},"29":{"start":{"line":30,"column":0},"end":{"line":30,"column":0}},"30":{"start":{"line":31,"column":0},"end":{"line":31,"column":5}},"31":{"start":{"line":32,"column":0},"end":{"line":32,"column":54}},"32":{"start":{"line":33,"column":0},"end":{"line":33,"column":53}},"33":{"start":{"line":34,"column":0},"end":{"line":34,"column":5}},"34":{"start":{"line":35,"column":0},"end":{"line":35,"column":26}},"35":{"start":{"line":36,"column":0},"end":{"line":36,"column":50}},"36":{"start":{"line":37,"column":0},"end":{"line":37,"column":15}},"37":{"start":{"line":38,"column":0},"end":{"line":38,"column":38}},"38":{"start":{"line":39,"column":0},"end":{"line":39,"column":26}},"39":{"start":{"line":40,"column":0},"end":{"line":40,"column":19}},"40":{"start":{"line":41,"column":0},"end":{"line":41,"column":5}},"41":{"start":{"line":42,"column":0},"end":{"line":42,"column":3}},"42":{"start":{"line":43,"column":0},"end":{"line":43,"column":0}},"43":{"start":{"line":44,"column":0},"end":{"line":44,"column":5}},"44":{"start":{"line":45,"column":0},"end":{"line":45,"column":44}},"45":{"start":{"line":46,"column":0},"end":{"line":46,"column":53}},"46":{"start":{"line":47,"column":0},"end":{"line":47,"column":5}},"47":{"start":{"line":48,"column":0},"end":{"line":48,"column":26}},"48":{"start":{"line":49,"column":0},"end":{"line":49,"column":52}},"49":{"start":{"line":50,"column":0},"end":{"line":50,"column":24}},"50":{"start":{"line":51,"column":0},"end":{"line":51,"column":17}},"51":{"start":{"line":52,"column":0},"end":{"line":52,"column":3}},"52":{"start":{"line":53,"column":0},"end":{"line":53,"column":0}},"53":{"start":{"line":54,"column":0},"end":{"line":54,"column":5}},"54":{"start":{"line":55,"column":0},"end":{"line":55,"column":93}},"55":{"start":{"line":56,"column":0},"end":{"line":56,"column":46}},"56":{"start":{"line":57,"column":0},"end":{"line":57,"column":5}},"57":{"start":{"line":58,"column":0},"end":{"line":58,"column":33}},"58":{"start":{"line":59,"column":0},"end":{"line":59,"column":24}},"59":{"start":{"line":60,"column":0},"end":{"line":60,"column":17}},"60":{"start":{"line":61,"column":0},"end":{"line":61,"column":3}},"61":{"start":{"line":62,"column":0},"end":{"line":62,"column":0}},"62":{"start":{"line":63,"column":0},"end":{"line":63,"column":5}},"63":{"start":{"line":64,"column":0},"end":{"line":64,"column":54}},"64":{"start":{"line":65,"column":0},"end":{"line":65,"column":35}},"65":{"start":{"line":66,"column":0},"end":{"line":66,"column":46}},"66":{"start":{"line":67,"column":0},"end":{"line":67,"column":5}},"67":{"start":{"line":68,"column":0},"end":{"line":68,"column":54}},"68":{"start":{"line":69,"column":0},"end":{"line":69,"column":43}},"69":{"start":{"line":70,"column":0},"end":{"line":70,"column":67}},"70":{"start":{"line":71,"column":0},"end":{"line":71,"column":4}},"71":{"start":{"line":72,"column":0},"end":{"line":72,"column":49}},"72":{"start":{"line":73,"column":0},"end":{"line":73,"column":38}},"73":{"start":{"line":74,"column":0},"end":{"line":74,"column":4}},"74":{"start":{"line":75,"column":0},"end":{"line":75,"column":52}},"75":{"start":{"line":76,"column":0},"end":{"line":76,"column":30}},"76":{"start":{"line":77,"column":0},"end":{"line":77,"column":40}},"77":{"start":{"line":78,"column":0},"end":{"line":78,"column":37}},"78":{"start":{"line":79,"column":0},"end":{"line":79,"column":71}},"79":{"start":{"line":80,"column":0},"end":{"line":80,"column":4}},"80":{"start":{"line":81,"column":0},"end":{"line":81,"column":47}},"81":{"start":{"line":82,"column":0},"end":{"line":82,"column":32}},"82":{"start":{"line":83,"column":0},"end":{"line":83,"column":30}},"83":{"start":{"line":84,"column":0},"end":{"line":84,"column":4}},"84":{"start":{"line":85,"column":0},"end":{"line":85,"column":48}},"85":{"start":{"line":86,"column":0},"end":{"line":86,"column":64}},"86":{"start":{"line":87,"column":0},"end":{"line":87,"column":54}},"87":{"start":{"line":88,"column":0},"end":{"line":88,"column":4}},"88":{"start":{"line":89,"column":0},"end":{"line":89,"column":33}},"89":{"start":{"line":90,"column":0},"end":{"line":90,"column":29}},"90":{"start":{"line":91,"column":0},"end":{"line":91,"column":30}},"91":{"start":{"line":92,"column":0},"end":{"line":92,"column":4}},"92":{"start":{"line":93,"column":0},"end":{"line":93,"column":54}},"93":{"start":{"line":94,"column":0},"end":{"line":94,"column":38}},"94":{"start":{"line":95,"column":0},"end":{"line":95,"column":46}},"95":{"start":{"line":96,"column":0},"end":{"line":96,"column":71}},"96":{"start":{"line":97,"column":0},"end":{"line":97,"column":4}},"97":{"start":{"line":98,"column":0},"end":{"line":98,"column":27}},"98":{"start":{"line":99,"column":0},"end":{"line":99,"column":29}},"99":{"start":{"line":100,"column":0},"end":{"line":100,"column":13}},"100":{"start":{"line":101,"column":0},"end":{"line":101,"column":3}},"101":{"start":{"line":102,"column":0},"end":{"line":102,"column":0}},"102":{"start":{"line":103,"column":0},"end":{"line":103,"column":5}},"103":{"start":{"line":104,"column":0},"end":{"line":104,"column":53}},"104":{"start":{"line":105,"column":0},"end":{"line":105,"column":5}},"105":{"start":{"line":106,"column":0},"end":{"line":106,"column":12}},"106":{"start":{"line":107,"column":0},"end":{"line":107,"column":53}},"107":{"start":{"line":108,"column":0},"end":{"line":108,"column":25}},"108":{"start":{"line":109,"column":0},"end":{"line":109,"column":0}},"109":{"start":{"line":110,"column":0},"end":{"line":110,"column":34}},"110":{"start":{"line":111,"column":0},"end":{"line":111,"column":35}},"111":{"start":{"line":112,"column":0},"end":{"line":112,"column":58}},"112":{"start":{"line":113,"column":0},"end":{"line":113,"column":45}},"113":{"start":{"line":114,"column":0},"end":{"line":114,"column":57}},"114":{"start":{"line":115,"column":0},"end":{"line":115,"column":5}},"115":{"start":{"line":116,"column":0},"end":{"line":116,"column":0}},"116":{"start":{"line":117,"column":0},"end":{"line":117,"column":27}},"117":{"start":{"line":118,"column":0},"end":{"line":118,"column":4}},"118":{"start":{"line":119,"column":0},"end":{"line":119,"column":35}},"119":{"start":{"line":120,"column":0},"end":{"line":120,"column":45}},"120":{"start":{"line":121,"column":0},"end":{"line":121,"column":30}},"121":{"start":{"line":122,"column":0},"end":{"line":122,"column":6}},"122":{"start":{"line":123,"column":0},"end":{"line":123,"column":0}},"123":{"start":{"line":124,"column":0},"end":{"line":124,"column":22}},"124":{"start":{"line":125,"column":0},"end":{"line":125,"column":3}},"125":{"start":{"line":126,"column":0},"end":{"line":126,"column":0}},"126":{"start":{"line":127,"column":0},"end":{"line":127,"column":25}},"127":{"start":{"line":128,"column":0},"end":{"line":128,"column":61}},"128":{"start":{"line":129,"column":0},"end":{"line":129,"column":69}},"129":{"start":{"line":130,"column":0},"end":{"line":130,"column":4}},"130":{"start":{"line":131,"column":0},"end":{"line":131,"column":70}},"131":{"start":{"line":132,"column":0},"end":{"line":132,"column":25}},"132":{"start":{"line":133,"column":0},"end":{"line":133,"column":85}},"133":{"start":{"line":134,"column":0},"end":{"line":134,"column":5}},"134":{"start":{"line":135,"column":0},"end":{"line":135,"column":3}},"135":{"start":{"line":136,"column":0},"end":{"line":136,"column":0}},"136":{"start":{"line":137,"column":0},"end":{"line":137,"column":27}},"137":{"start":{"line":138,"column":0},"end":{"line":138,"column":61}},"138":{"start":{"line":139,"column":0},"end":{"line":139,"column":3}},"139":{"start":{"line":140,"column":0},"end":{"line":140,"column":0}},"140":{"start":{"line":141,"column":0},"end":{"line":141,"column":29}},"141":{"start":{"line":142,"column":0},"end":{"line":142,"column":48}},"142":{"start":{"line":143,"column":0},"end":{"line":143,"column":17}},"143":{"start":{"line":144,"column":0},"end":{"line":144,"column":37}},"144":{"start":{"line":145,"column":0},"end":{"line":145,"column":65}},"145":{"start":{"line":146,"column":0},"end":{"line":146,"column":5}},"146":{"start":{"line":147,"column":0},"end":{"line":147,"column":3}},"147":{"start":{"line":148,"column":0},"end":{"line":148,"column":0}},"148":{"start":{"line":149,"column":0},"end":{"line":149,"column":14}},"149":{"start":{"line":150,"column":0},"end":{"line":150,"column":21}},"150":{"start":{"line":151,"column":0},"end":{"line":151,"column":3}},"151":{"start":{"line":152,"column":0},"end":{"line":152,"column":0}},"152":{"start":{"line":153,"column":0},"end":{"line":153,"column":23}},"153":{"start":{"line":154,"column":0},"end":{"line":154,"column":53}},"154":{"start":{"line":155,"column":0},"end":{"line":155,"column":3}},"155":{"start":{"line":156,"column":0},"end":{"line":156,"column":1}}},"s":{"0":1,"1":1,"2":1,"3":1,"4":1,"5":10,"6":10,"7":1,"8":1,"9":10,"10":10,"11":1,"12":1,"13":1,"14":1,"15":1,"16":1,"17":1,"18":10,"19":10,"20":10,"21":10,"22":10,"23":10,"24":10,"25":10,"26":10,"27":10,"28":10,"29":1,"30":1,"31":1,"32":1,"33":1,"34":1,"35":4,"36":4,"37":3,"38":3,"39":3,"40":3,"41":4,"42":1,"43":1,"44":1,"45":1,"46":1,"47":1,"48":1,"49":1,"50":1,"51":1,"52":1,"53":1,"54":1,"55":1,"56":1,"57":1,"58":4,"59":4,"60":4,"61":1,"62":1,"63":1,"64":1,"65":1,"66":1,"67":1,"68":25,"69":25,"70":25,"71":25,"72":25,"73":25,"74":25,"75":25,"76":25,"77":25,"78":25,"79":25,"80":25,"81":25,"82":25,"83":25,"84":25,"85":25,"86":25,"87":25,"88":25,"89":25,"90":25,"91":25,"92":25,"93":25,"94":25,"95":25,"96":25,"97":25,"98":25,"99":25,"100":25,"101":1,"102":1,"103":1,"104":1,"105":1,"106":21,"107":21,"108":21,"109":21,"110":21,"111":2,"112":21,"113":1,"114":1,"115":21,"116":21,"117":21,"118":21,"119":25,"120":25,"121":21,"122":21,"123":21,"124":21,"125":1,"126":1,"127":21,"128":21,"129":21,"130":21,"131":21,"132":21,"133":21,"134":21,"135":1,"136":1,"137":14,"138":14,"139":1,"140":1,"141":10,"142":10,"143":1,"144":1,"145":1,"146":10,"147":1,"148":1,"149":9,"150":9,"151":1,"152":1,"153":2,"154":2,"155":1},"branchMap":{"0":{"type":"branch","line":5,"loc":{"start":{"line":5,"column":10},"end":{"line":7,"column":20}},"locations":[{"start":{"line":5,"column":10},"end":{"line":7,"column":20}}]},"1":{"type":"branch","line":9,"loc":{"start":{"line":9,"column":2},"end":{"line":11,"column":3}},"locations":[{"start":{"line":9,"column":2},"end":{"line":11,"column":3}}]},"2":{"type":"branch","line":18,"loc":{"start":{"line":18,"column":2},"end":{"line":29,"column":3}},"locations":[{"start":{"line":18,"column":2},"end":{"line":29,"column":3}}]},"3":{"type":"branch","line":35,"loc":{"start":{"line":35,"column":2},"end":{"line":42,"column":3}},"locations":[{"start":{"line":35,"column":2},"end":{"line":42,"column":3}}]},"4":{"type":"branch","line":37,"loc":{"start":{"line":37,"column":14},"end":{"line":41,"column":5}},"locations":[{"start":{"line":37,"column":14},"end":{"line":41,"column":5}}]},"5":{"type":"branch","line":36,"loc":{"start":{"line":36,"column":33},"end":{"line":36,"column":49}},"locations":[{"start":{"line":36,"column":33},"end":{"line":36,"column":49}}]},"6":{"type":"branch","line":48,"loc":{"start":{"line":48,"column":2},"end":{"line":52,"column":3}},"locations":[{"start":{"line":48,"column":2},"end":{"line":52,"column":3}}]},"7":{"type":"branch","line":49,"loc":{"start":{"line":49,"column":35},"end":{"line":49,"column":51}},"locations":[{"start":{"line":49,"column":35},"end":{"line":49,"column":51}}]},"8":{"type":"branch","line":58,"loc":{"start":{"line":58,"column":2},"end":{"line":61,"column":3}},"locations":[{"start":{"line":58,"column":2},"end":{"line":61,"column":3}}]},"9":{"type":"branch","line":68,"loc":{"start":{"line":68,"column":10},"end":{"line":101,"column":3}},"locations":[{"start":{"line":68,"column":10},"end":{"line":101,"column":3}}]},"10":{"type":"branch","line":70,"loc":{"start":{"line":70,"column":37},"end":{"line":70,"column":63}},"locations":[{"start":{"line":70,"column":37},"end":{"line":70,"column":63}}]},"11":{"type":"branch","line":70,"loc":{"start":{"line":70,"column":49},"end":{"line":70,"column":65}},"locations":[{"start":{"line":70,"column":49},"end":{"line":70,"column":65}}]},"12":{"type":"branch","line":106,"loc":{"start":{"line":106,"column":2},"end":{"line":125,"column":3}},"locations":[{"start":{"line":106,"column":2},"end":{"line":125,"column":3}}]},"13":{"type":"branch","line":108,"loc":{"start":{"line":108,"column":19},"end":{"line":108,"column":25}},"locations":[{"start":{"line":108,"column":19},"end":{"line":108,"column":25}}]},"14":{"type":"branch","line":111,"loc":{"start":{"line":111,"column":34},"end":{"line":113,"column":15}},"locations":[{"start":{"line":111,"column":34},"end":{"line":113,"column":15}}]},"15":{"type":"branch","line":113,"loc":{"start":{"line":113,"column":4},"end":{"line":115,"column":5}},"locations":[{"start":{"line":113,"column":4},"end":{"line":115,"column":5}}]},"16":{"type":"branch","line":113,"loc":{"start":{"line":113,"column":44},"end":{"line":115,"column":5}},"locations":[{"start":{"line":113,"column":44},"end":{"line":115,"column":5}}]},"17":{"type":"branch","line":112,"loc":{"start":{"line":112,"column":40},"end":{"line":112,"column":57}},"locations":[{"start":{"line":112,"column":40},"end":{"line":112,"column":57}}]},"18":{"type":"branch","line":114,"loc":{"start":{"line":114,"column":40},"end":{"line":114,"column":56}},"locations":[{"start":{"line":114,"column":40},"end":{"line":114,"column":56}}]},"19":{"type":"branch","line":119,"loc":{"start":{"line":119,"column":26},"end":{"line":122,"column":5}},"locations":[{"start":{"line":119,"column":26},"end":{"line":122,"column":5}}]},"20":{"type":"branch","line":127,"loc":{"start":{"line":127,"column":10},"end":{"line":135,"column":3}},"locations":[{"start":{"line":127,"column":10},"end":{"line":135,"column":3}}]},"21":{"type":"branch","line":133,"loc":{"start":{"line":133,"column":60},"end":{"line":133,"column":76}},"locations":[{"start":{"line":133,"column":60},"end":{"line":133,"column":76}}]},"22":{"type":"branch","line":137,"loc":{"start":{"line":137,"column":10},"end":{"line":139,"column":3}},"locations":[{"start":{"line":137,"column":10},"end":{"line":139,"column":3}}]},"23":{"type":"branch","line":141,"loc":{"start":{"line":141,"column":10},"end":{"line":147,"column":3}},"locations":[{"start":{"line":141,"column":10},"end":{"line":147,"column":3}}]},"24":{"type":"branch","line":143,"loc":{"start":{"line":143,"column":16},"end":{"line":146,"column":5}},"locations":[{"start":{"line":143,"column":16},"end":{"line":146,"column":5}}]},"25":{"type":"branch","line":145,"loc":{"start":{"line":145,"column":47},"end":{"line":145,"column":56}},"locations":[{"start":{"line":145,"column":47},"end":{"line":145,"column":56}}]},"26":{"type":"branch","line":149,"loc":{"start":{"line":149,"column":2},"end":{"line":151,"column":3}},"locations":[{"start":{"line":149,"column":2},"end":{"line":151,"column":3}}]},"27":{"type":"branch","line":153,"loc":{"start":{"line":153,"column":2},"end":{"line":155,"column":3}},"locations":[{"start":{"line":153,"column":2},"end":{"line":155,"column":3}}]},"28":{"type":"branch","line":154,"loc":{"start":{"line":154,"column":29},"end":{"line":154,"column":45}},"locations":[{"start":{"line":154,"column":29},"end":{"line":154,"column":45}}]}},"b":{"0":[10],"1":[10],"2":[10],"3":[4],"4":[3],"5":[6],"6":[1],"7":[1],"8":[4],"9":[25],"10":[4],"11":[21],"12":[21],"13":[0],"14":[2],"15":[19],"16":[1],"17":[4],"18":[3],"19":[25],"20":[21],"21":[28],"22":[14],"23":[10],"24":[1],"25":[1],"26":[9],"27":[2],"28":[2]},"fnMap":{"0":{"name":"<instance_members_initializer>","decl":{"start":{"line":5,"column":10},"end":{"line":7,"column":20}},"loc":{"start":{"line":5,"column":10},"end":{"line":7,"column":20}},"line":5},"1":{"name":"TaskManager","decl":{"start":{"line":9,"column":2},"end":{"line":11,"column":3}},"loc":{"start":{"line":9,"column":2},"end":{"line":11,"column":3}},"line":9},"2":{"name":"addTask","decl":{"start":{"line":18,"column":2},"end":{"line":29,"column":3}},"loc":{"start":{"line":18,"column":2},"end":{"line":29,"column":3}},"line":18},"3":{"name":"toggleTask","decl":{"start":{"line":35,"column":2},"end":{"line":42,"column":3}},"loc":{"start":{"line":35,"column":2},"end":{"line":42,"column":3}},"line":35},"4":{"name":"deleteTask","decl":{"start":{"line":48,"column":2},"end":{"line":52,"column":3}},"loc":{"start":{"line":48,"column":2},"end":{"line":52,"column":3}},"line":48},"5":{"name":"setFilter","decl":{"start":{"line":58,"column":2},"end":{"line":61,"column":3}},"loc":{"start":{"line":58,"column":2},"end":{"line":61,"column":3}},"line":58},"6":{"name":"createTaskElement","decl":{"start":{"line":68,"column":10},"end":{"line":101,"column":3}},"loc":{"start":{"line":68,"column":10},"end":{"line":101,"column":3}},"line":68},"7":{"name":"render","decl":{"start":{"line":106,"column":2},"end":{"line":125,"column":3}},"loc":{"start":{"line":106,"column":2},"end":{"line":125,"column":3}},"line":106},"8":{"name":"updateStats","decl":{"start":{"line":127,"column":10},"end":{"line":135,"column":3}},"loc":{"start":{"line":127,"column":10},"end":{"line":135,"column":3}},"line":127},"9":{"name":"saveToStorage","decl":{"start":{"line":137,"column":10},"end":{"line":139,"column":3}},"loc":{"start":{"line":137,"column":10},"end":{"line":139,"column":3}},"line":137},"10":{"name":"loadFromStorage","decl":{"start":{"line":141,"column":10},"end":{"line":147,"column":3}},"loc":{"start":{"line":141,"column":10},"end":{"line":147,"column":3}},"line":141},"11":{"name":"getTasks","decl":{"start":{"line":149,"column":2},"end":{"line":151,"column":3}},"loc":{"start":{"line":149,"column":2},"end":{"line":151,"column":3}},"line":149},"12":{"name":"getCompletedCount","decl":{"start":{"line":153,"column":2},"end":{"line":155,"column":3}},"loc":{"start":{"line":153,"column":2},"end":{"line":155,"column":3}},"line":153}},"f":{"0":10,"1":10,"2":10,"3":4,"4":1,"5":4,"6":25,"7":21,"8":21,"9":14,"10":10,"11":9,"12":2}}
}
